<?xml version="1.0" encoding="UTF-8"?>
<!-- Generated by org.testng.reporters.JUnitXMLReporter -->
<testsuite ignored="1" hostname="Umesh2850" failures="2" tests="16" name="Command line test" time="232.268" errors="0" timestamp="2021-09-11T01:51:26 IST">
  <testcase classname="com.crm.qa.testcases.ContactPageTest" name="@AfterMethod tearDown" time="0.003">
    <failure type="java.lang.NullPointerException" message="Cannot invoke &amp;quot;com.relevantcodes.extentreports.ExtentTest.log(com.relevantcodes.extentreports.LogStatus, String)&amp;quot; because &amp;quot;this.logger&amp;quot; is null">
      <![CDATA[java.lang.NullPointerException: Cannot invoke "com.relevantcodes.extentreports.ExtentTest.log(com.relevantcodes.extentreports.LogStatus, String)" because "this.logger" is null
at com.crm.qa.testcases.ContactPageTest.tearDown(ContactPageTest.java:85)
at java.base/java.util.ArrayList.forEach(ArrayList.java:1511)
... Removed 42 stack frames]]>
    </failure>
  </testcase> <!-- @AfterMethod tearDown -->
  <testcase classname="com.crm.qa.testcases.CalenderPageTest" name="validateCalenderTest" time="0.101"/>
  <testcase classname="com.crm.qa.testcases.CasesPageTest" name="validateCasesPageTitleTest" time="2.252"/>
  <testcase classname="com.crm.qa.testcases.CompaniesPageTest" name="validateCompaniesPageTitleTest" time="1.784"/>
  <testcase classname="com.crm.qa.testcases.ContactPageTest" name="validateContactPageTitleTest" time="0.382">
    <failure type="java.lang.AssertionError" message="expected [Cont3acts] but found [Contacts]">
      <![CDATA[java.lang.AssertionError: expected [Cont3acts] but found [Contacts]
at com.crm.qa.testcases.ContactPageTest.validateContactPageTitleTest(ContactPageTest.java:43)
at java.base/java.util.ArrayList.forEach(ArrayList.java:1511)
... Removed 43 stack frames]]>
    </failure>
  </testcase> <!-- validateContactPageTitleTest -->
  <testcase classname="com.crm.qa.testcases.DealsPageTest" name="validateDealsPageTitleTest" time="2.64"/>
  <testcase classname="com.crm.qa.testcases.HomePageTest" name="validateLoggedInUserNameTest" time="1.93"/>
  <testcase classname="com.crm.qa.testcases.HomePageTest" name="validateContactPageLinkTest" time="2.581"/>
  <testcase classname="com.crm.qa.testcases.HomePageTest" name="validateDealsPageLinkTest" time="1.853"/>
  <testcase classname="com.crm.qa.testcases.HomePageTest" name="validateCompaniesPageLinkTest" time="2.197"/>
  <testcase classname="com.crm.qa.testcases.HomePageTest" name="validateTaskPageLinkTest" time="2.431"/>
  <testcase classname="com.crm.qa.testcases.HomePageTest" name="validateCasesPageLinkTest" time="2.493"/>
  <testcase classname="com.crm.qa.testcases.LoginPageTest" name="validateLoginBtnDisplayedTest" time="0.042"/>
  <testcase classname="com.crm.qa.testcases.LoginPageTest" name="validateLoginBtnTest" time="0.176"/>
  <testcase classname="com.crm.qa.testcases.LoginPageTest" name="loginPageTitleTest" time="0.015">
    <failure type="java.lang.AssertionError" message="expected [#1x`Free CRM customer relationship management software cloud] but found [#1 Free CRM customer relationship management software cloud]">
      <![CDATA[java.lang.AssertionError: expected [#1x`Free CRM customer relationship management software cloud] but found [#1 Free CRM customer relationship management software cloud]
at com.crm.qa.testcases.LoginPageTest.loginPageTitleTest(LoginPageTest.java:36)
at java.base/java.util.ArrayList.forEach(ArrayList.java:1511)
... Removed 43 stack frames]]>
    </failure>
  </testcase> <!-- loginPageTitleTest -->
  <testcase classname="com.crm.qa.testcases.LoginPageTest" name="loginTest" time="7.921"/>
  <testcase classname="com.crm.qa.testcases.TaskPageTest" name="validateDealsPageTitleTest" time="3.399"/>
  <testcase classname="com.crm.qa.testcases.ContactPageTest" name="validateCreateNewContactTest" time="0.0">
    <ignored/>
  </testcase> <!-- validateCreateNewContactTest -->
</testsuite> <!-- Command line test -->
