<!DOCTYPE html PUBLIC "-//W3C//DTD XHTML 1.1//EN" "https://www.w3.org/TR/xhtml11/DTD/xhtml11.dtd">
<html xmlns="https://www.w3.org/1999/xhtml">
<head>
<meta http-equiv="content-type" content="text/html; charset=UTF-8"/>
<title>TestNG Report</title>
<style type="text/css">table {margin-bottom:10px;border-collapse:collapse;empty-cells:show}th,td {border:1px solid #009;padding:.25em .5em}th {vertical-align:bottom}td {vertical-align:top}table a {font-weight:bold}.stripe td {background-color: #E6EBF9}.num {text-align:right}.passedodd td {background-color: #3F3}.passedeven td {background-color: #0A0}.skippedodd td {background-color: #DDD}.skippedeven td {background-color: #CCC}.failedodd td,.attn {background-color: #F33}.failedeven td,.stripe .attn {background-color: #D00}.stacktrace {white-space:pre;font-family:monospace}.totop {font-size:85%;text-align:center;border-bottom:2px solid #000}.invisible {display:none}</style>
</head>
<body>
<table>
<tr><th>Test</th><th># Passed</th><th># Skipped</th><th># Retried</th><th># Failed</th><th>Time (ms)</th><th>Included Groups</th><th>Excluded Groups</th></tr>
<tr><th colspan="8">Command line suite</th></tr>
<tr><td><a href="#t0">Command line test</a></td><td class="num">14</td><td class="num">0</td><td class="num">0</td><td class="num attn">2</td><td class="num">232,268</td><td></td><td></td></tr>
</table>
<table id='summary'><thead><tr><th>Class</th><th>Method</th><th>Start</th><th>Time (ms)</th></tr></thead><tbody><tr><th colspan="4">Command line suite</th></tr></tbody><tbody id="t0"><tr><th colspan="4">Command line test &#8212; failed (configuration methods)</th></tr><tr class="failedeven"><td rowspan="1">com.crm.qa.testcases.ContactPageTest</td><td><a href="#m0">tearDown</a></td><td rowspan="1">1631305118582</td><td rowspan="1">3</td></tr><tr><th colspan="4">Command line test &#8212; failed</th></tr><tr class="failedeven"><td rowspan="1">com.crm.qa.testcases.ContactPageTest</td><td><a href="#m1">validateContactPageTitleTest</a></td><td rowspan="1">1631305118198</td><td rowspan="1">382</td></tr><tr class="failedodd"><td rowspan="1">com.crm.qa.testcases.LoginPageTest</td><td><a href="#m2">loginPageTitleTest</a></td><td rowspan="1">1631305251380</td><td rowspan="1">15</td></tr><tr><th colspan="4">Command line test &#8212; passed</th></tr><tr class="passedeven"><td rowspan="1">com.crm.qa.testcases.CalenderPageTest</td><td><a href="#m3">validateCalenderTest</a></td><td rowspan="1">1631305070038</td><td rowspan="1">101</td></tr><tr class="passedodd"><td rowspan="1">com.crm.qa.testcases.CasesPageTest</td><td><a href="#m4">validateCasesPageTitleTest</a></td><td rowspan="1">1631305083898</td><td rowspan="1">2252</td></tr><tr class="passedeven"><td rowspan="1">com.crm.qa.testcases.CompaniesPageTest</td><td><a href="#m5">validateCompaniesPageTitleTest</a></td><td rowspan="1">1631305099654</td><td rowspan="1">1784</td></tr><tr class="passedodd"><td rowspan="1">com.crm.qa.testcases.DealsPageTest</td><td><a href="#m6">validateDealsPageTitleTest</a></td><td rowspan="1">1631305131936</td><td rowspan="1">2640</td></tr><tr class="passedeven"><td rowspan="6">com.crm.qa.testcases.HomePageTest</td><td><a href="#m7">validateCasesPageLinkTest</a></td><td rowspan="1">1631305227983</td><td rowspan="1">2493</td></tr><tr class="passedeven"><td><a href="#m8">validateCompaniesPageLinkTest</a></td><td rowspan="1">1631305195062</td><td rowspan="1">2197</td></tr><tr class="passedeven"><td><a href="#m9">validateContactPageLinkTest</a></td><td rowspan="1">1631305163261</td><td rowspan="1">2581</td></tr><tr class="passedeven"><td><a href="#m10">validateDealsPageLinkTest</a></td><td rowspan="1">1631305179421</td><td rowspan="1">1853</td></tr><tr class="passedeven"><td><a href="#m11">validateLoggedInUserNameTest</a></td><td rowspan="1">1631305148117</td><td rowspan="1">1930</td></tr><tr class="passedeven"><td><a href="#m12">validateTaskPageLinkTest</a></td><td rowspan="1">1631305210395</td><td rowspan="1">2431</td></tr><tr class="passedodd"><td rowspan="3">com.crm.qa.testcases.LoginPageTest</td><td><a href="#m13">loginTest</a></td><td rowspan="1">1631305258779</td><td rowspan="1">7921</td></tr><tr class="passedodd"><td><a href="#m14">validateLoginBtnDisplayedTest</a></td><td rowspan="1">1631305237742</td><td rowspan="1">42</td></tr><tr class="passedodd"><td><a href="#m15">validateLoginBtnTest</a></td><td rowspan="1">1631305244274</td><td rowspan="1">176</td></tr><tr class="passedeven"><td rowspan="1">com.crm.qa.testcases.TaskPageTest</td><td><a href="#m16">validateDealsPageTitleTest</a></td><td rowspan="1">1631305282862</td><td rowspan="1">3399</td></tr></tbody>
</table>
<h2>Command line test</h2><h3 id="m0">com.crm.qa.testcases.ContactPageTest#tearDown</h3><table class="result"><tr class="param"><th>Parameter #1</th></tr><tr class="param stripe"><td>[TestResult name=validateContactPageTitleTest status=FAILURE method=ContactPageTest.validateContactPageTitleTest()[pri:0, instance:com.crm.qa.testcases.ContactPageTest@5db250b4] output={null}]</td></tr><tr><th>Exception</th></tr><tr><td><div class="stacktrace">java.lang.NullPointerException: Cannot invoke &quot;com.relevantcodes.extentreports.ExtentTest.log(com.relevantcodes.extentreports.LogStatus, String)&quot; because &quot;this.logger&quot; is null
	at com.crm.qa.testcases.ContactPageTest.tearDown(ContactPageTest.java:85)
	at java.base/java.util.ArrayList.forEach(ArrayList.java:1511)
... Removed 42 stack frames</div></td></tr></table><p class="totop"><a href="#summary">back to summary</a></p>
<h3 id="m1">com.crm.qa.testcases.ContactPageTest#validateContactPageTitleTest</h3><table class="result"><tr><th>Exception</th></tr><tr><td><div class="stacktrace">java.lang.AssertionError: expected [Cont3acts] but found [Contacts]
	at com.crm.qa.testcases.ContactPageTest.validateContactPageTitleTest(ContactPageTest.java:43)
	at java.base/java.util.ArrayList.forEach(ArrayList.java:1511)
... Removed 43 stack frames</div></td></tr></table><p class="totop"><a href="#summary">back to summary</a></p>
<h3 id="m2">com.crm.qa.testcases.LoginPageTest#loginPageTitleTest</h3><table class="result"><tr><th>Exception</th></tr><tr><td><div class="stacktrace">java.lang.AssertionError: expected [#1x`Free CRM customer relationship management software cloud] but found [#1 Free CRM customer relationship management software cloud]
	at com.crm.qa.testcases.LoginPageTest.loginPageTitleTest(LoginPageTest.java:36)
	at java.base/java.util.ArrayList.forEach(ArrayList.java:1511)
... Removed 43 stack frames</div></td></tr></table><p class="totop"><a href="#summary">back to summary</a></p>
<h3 id="m3">com.crm.qa.testcases.CalenderPageTest#validateCalenderTest</h3><table class="result"><tr><th class="invisible"/></tr></table><p class="totop"><a href="#summary">back to summary</a></p>
<h3 id="m4">com.crm.qa.testcases.CasesPageTest#validateCasesPageTitleTest</h3><table class="result"><tr><th class="invisible"/></tr></table><p class="totop"><a href="#summary">back to summary</a></p>
<h3 id="m5">com.crm.qa.testcases.CompaniesPageTest#validateCompaniesPageTitleTest</h3><table class="result"><tr><th class="invisible"/></tr></table><p class="totop"><a href="#summary">back to summary</a></p>
<h3 id="m6">com.crm.qa.testcases.DealsPageTest#validateDealsPageTitleTest</h3><table class="result"><tr><th class="invisible"/></tr></table><p class="totop"><a href="#summary">back to summary</a></p>
<h3 id="m7">com.crm.qa.testcases.HomePageTest#validateCasesPageLinkTest</h3><table class="result"><tr><th class="invisible"/></tr></table><p class="totop"><a href="#summary">back to summary</a></p>
<h3 id="m8">com.crm.qa.testcases.HomePageTest#validateCompaniesPageLinkTest</h3><table class="result"><tr><th class="invisible"/></tr></table><p class="totop"><a href="#summary">back to summary</a></p>
<h3 id="m9">com.crm.qa.testcases.HomePageTest#validateContactPageLinkTest</h3><table class="result"><tr><th class="invisible"/></tr></table><p class="totop"><a href="#summary">back to summary</a></p>
<h3 id="m10">com.crm.qa.testcases.HomePageTest#validateDealsPageLinkTest</h3><table class="result"><tr><th class="invisible"/></tr></table><p class="totop"><a href="#summary">back to summary</a></p>
<h3 id="m11">com.crm.qa.testcases.HomePageTest#validateLoggedInUserNameTest</h3><table class="result"><tr><th class="invisible"/></tr></table><p class="totop"><a href="#summary">back to summary</a></p>
<h3 id="m12">com.crm.qa.testcases.HomePageTest#validateTaskPageLinkTest</h3><table class="result"><tr><th class="invisible"/></tr></table><p class="totop"><a href="#summary">back to summary</a></p>
<h3 id="m13">com.crm.qa.testcases.LoginPageTest#loginTest</h3><table class="result"><tr><th class="invisible"/></tr></table><p class="totop"><a href="#summary">back to summary</a></p>
<h3 id="m14">com.crm.qa.testcases.LoginPageTest#validateLoginBtnDisplayedTest</h3><table class="result"><tr><th class="invisible"/></tr></table><p class="totop"><a href="#summary">back to summary</a></p>
<h3 id="m15">com.crm.qa.testcases.LoginPageTest#validateLoginBtnTest</h3><table class="result"><tr><th class="invisible"/></tr></table><p class="totop"><a href="#summary">back to summary</a></p>
<h3 id="m16">com.crm.qa.testcases.TaskPageTest#validateDealsPageTitleTest</h3><table class="result"><tr><th class="invisible"/></tr></table><p class="totop"><a href="#summary">back to summary</a></p>
</body>
</html>
